<?xml version="1.0" encoding="UTF-8"?>
<!-- Generated by org.testng.reporters.JUnitReportReporter -->
<testsuite hostname="Mamta_Gupta" failures="0" tests="1" name="TestClass" time="8.592" errors="0" timestamp="2022-10-31T12:34:54 IST" skipped="0">
  <testcase classname="TestClass" name="name" time="8.592"/>
  <system-out/>
</testsuite> <!-- TestClass -->
