<?xml version="1.0" encoding="UTF-8"?>
<!-- Generated by org.testng.reporters.JUnitReportReporter -->
<testsuite hostname="Mamta_Gupta" failures="0" tests="1" name="CheckBoxAndRadio" time="18.791" errors="0" timestamp="2022-10-31T21:50:31 IST" skipped="0">
  <testcase classname="CheckBoxAndRadio" name="checkBoxClick" time="18.791"/>
  <system-out/>
</testsuite> <!-- CheckBoxAndRadio -->
